<?xml version="1.0" encoding="UTF-8"?>
<testsuite xmlns:xsi="http://www.w3.org/2001/XMLSchema-instance" xsi:noNamespaceSchemaLocation="https://maven.apache.org/surefire/maven-surefire-plugin/xsd/surefire-test-report.xsd" version="3.0.2" name="com.shouxin.qa.QualityAnswerApplicationTests" time="6.649" tests="1" errors="0" skipped="0" failures="0">
  <properties>
[...]
</properties>
  <testcase name="contextLoads" classname="com.shouxin.qa.QualityAnswerApplicationTests" time="0.041">
    <system-out><![CDATA[14:57:28.604 [main] INFO org.springframework.test.context.support.AnnotationConfigContextLoaderUtils -- Could not detect default configuration classes for test class [com.shouxin.qa.QualityAnswerApplicationTests]: QualityAnswerApplicationTests does not declare any static, non-private, non-final, nested classes annotated with @Configuration.
14:57:28.744 [main] INFO org.springframework.boot.test.context.SpringBootTestContextBootstrapper -- Found @SpringBootConfiguration com.shouxin.qa.QualityAnswerApplication for test class com.shouxin.qa.QualityAnswerApplicationTests

  .   ____          _            __ _ _
 /\\ / ___'_ __ _ _(_)_ __  __ _ \ \ \ \
( ( )\___ | '_ | '_| | '_ \/ _` | \ \ \ \
 \\/  ___)| |_)| | | | | || (_| |  ) ) ) )
  '  |____| .__|_| |_|_| |_\__, | / / / /
 =========|_|==============|___/=/_/_/_/

 :: Spring Boot ::                (v3.5.5)

2026-08-28T14:57:29.285+08:00  INFO [request:n/a] 45526 --- [shouxin-qa-platform-api] [           main] c.s.qa.QualityAnswerApplicationTests     : Starting QualityAnswerApplicationTests using Java 17.0.18 with PID 45526 (started by wangjie in /Users/wangjie/projects/shouxin/backend)
2026-08-28T14:57:29.286+08:00  INFO [request:n/a] 45526 --- [shouxin-qa-platform-api] [           main] c.s.qa.QualityAnswerApplicationTests     : No active profile set, falling back to 1 default profile: "default"
2026-08-28T14:57:33.079+08:00  INFO [request:n/a] 45526 --- [shouxin-qa-platform-api] [           main] r$InitializeUserDetailsManagerConfigurer : Global AuthenticationManager configured with UserDetailsService bean with name authUserService
2026-08-28T14:57:34.130+08:00  INFO [request:n/a] 45526 --- [shouxin-qa-platform-api] [           main] o.s.b.a.e.web.EndpointLinksResolver      : Exposing 2 endpoints beneath base path '/actuator'
2026-08-28T14:57:34.837+08:00  INFO [request:n/a] 45526 --- [shouxin-qa-platform-api] [           main] c.s.qa.QualityAnswerApplicationTests     : Started QualityAnswerApplicationTests in 5.973 seconds (process running for 7.122)
]]></system-out>
  </testcase>
</testsuite>